This is pdfTeX, Version 3.1415926-1.40.10 (TeX Live 2009/Debian) (format=pdflatex 2012.9.4)  4 SEP 2012 11:22
entering extended mode
 %&-line parsing enabled.
**rep.tex
(./rep.tex
LaTeX2e <2009/09/24>
Babel <v3.8l> and hyphenation patterns for english, usenglishmax, dumylang, noh
yphenation, farsi, arabic, croatian, bulgarian, ukrainian, russian, czech, slov
ak, danish, dutch, finnish, french, basque, ngerman, german, german-x-2009-06-1
9, ngerman-x-2009-06-19, ibycus, monogreek, greek, ancientgreek, hungarian, san
skrit, italian, latin, latvian, lithuanian, mongolian2a, mongolian, bokmal, nyn
orsk, romanian, irish, coptic, serbian, turkish, welsh, esperanto, uppersorbian
, estonian, indonesian, interlingua, icelandic, kurmanji, slovenian, polish, po
rtuguese, spanish, galician, catalan, swedish, ukenglish, pinyin, loaded.
(./acm_proc_article-sp.cls
(/usr/share/texmf-texlive/tex/latex/graphics/epsfig.sty
Package: epsfig 1999/02/16 v1.7a (e)psfig emulation (SPQR)

(/usr/share/texmf-texlive/tex/latex/graphics/graphicx.sty
Package: graphicx 1999/02/16 v1.0f Enhanced LaTeX Graphics (DPC,SPQR)

(/usr/share/texmf-texlive/tex/latex/graphics/keyval.sty
Package: keyval 1999/03/16 v1.13 key=value parser (DPC)
\KV@toks@=\toks14
)
(/usr/share/texmf-texlive/tex/latex/graphics/graphics.sty
Package: graphics 2009/02/05 v1.0o Standard LaTeX Graphics (DPC,SPQR)

(/usr/share/texmf-texlive/tex/latex/graphics/trig.sty
Package: trig 1999/03/16 v1.09 sin cos tan (DPC)
)
(/etc/texmf/tex/latex/config/graphics.cfg
File: graphics.cfg 2009/08/28 v1.8 graphics configuration of TeX Live
)
Package graphics Info: Driver file: pdftex.def on input line 91.

(/usr/share/texmf-texlive/tex/latex/pdftex-def/pdftex.def
File: pdftex.def 2010/03/12 v0.04p Graphics/color for pdfTeX
\Gread@gobject=\count79
))
\Gin@req@height=\dimen102
\Gin@req@width=\dimen103
)
\epsfxsize=\dimen104
\epsfysize=\dimen105
)
(/usr/share/texmf-texlive/tex/latex/amsfonts/amssymb.sty
Package: amssymb 2009/06/22 v3.00

(/usr/share/texmf-texlive/tex/latex/amsfonts/amsfonts.sty
Package: amsfonts 2009/06/22 v3.00 Basic AMSFonts support
\@emptytoks=\toks15
\symAMSa=\mathgroup4
\symAMSb=\mathgroup5
LaTeX Font Info:    Overwriting math alphabet `\mathfrak' in version `bold'
(Font)                  U/euf/m/n --> U/euf/b/n on input line 96.
))
(/usr/share/texmf-texlive/tex/latex/amsmath/amsmath.sty
Package: amsmath 2000/07/18 v2.13 AMS math features
\@mathmargin=\skip41

For additional information on amsmath, use the `?' option.
(/usr/share/texmf-texlive/tex/latex/amsmath/amstext.sty
Package: amstext 2000/06/29 v2.01

(/usr/share/texmf-texlive/tex/latex/amsmath/amsgen.sty
File: amsgen.sty 1999/11/30 v2.0
\@emptytoks=\toks16
\ex@=\dimen106
))
(/usr/share/texmf-texlive/tex/latex/amsmath/amsbsy.sty
Package: amsbsy 1999/11/29 v1.2d
\pmbraise@=\dimen107
)
(/usr/share/texmf-texlive/tex/latex/amsmath/amsopn.sty
Package: amsopn 1999/12/14 v2.01 operator names
)
\inf@bad=\count80
LaTeX Info: Redefining \frac on input line 211.
\uproot@=\count81
\leftroot@=\count82
LaTeX Info: Redefining \overline on input line 307.
\classnum@=\count83
\DOTSCASE@=\count84
LaTeX Info: Redefining \ldots on input line 379.
LaTeX Info: Redefining \dots on input line 382.
LaTeX Info: Redefining \cdots on input line 467.
\Mathstrutbox@=\box26
\strutbox@=\box27
\big@size=\dimen108
LaTeX Font Info:    Redeclaring font encoding OML on input line 567.
LaTeX Font Info:    Redeclaring font encoding OMS on input line 568.
\macc@depth=\count85
\c@MaxMatrixCols=\count86
\dotsspace@=\muskip10
\c@parentequation=\count87
\dspbrk@lvl=\count88
\tag@help=\toks17
\row@=\count89
\column@=\count90
\maxfields@=\count91
\andhelp@=\toks18
\eqnshift@=\dimen109
\alignsep@=\dimen110
\tagshift@=\dimen111
\tagwidth@=\dimen112
\totwidth@=\dimen113
\lineht@=\dimen114
\@envbody=\toks19
\multlinegap=\skip42
\multlinetaggap=\skip43
\mathdisplay@stack=\toks20
LaTeX Info: Redefining \[ on input line 2666.
LaTeX Info: Redefining \] on input line 2667.
)
Document Class 'acm_proc_article-sp' <22nd. April '09>. Modified by G.K.M. Tobi
n
Based in part upon document Style `acmconf' <22 May 89>. Hacked 4/91 by
shivers@cs.cmu.edu, 4/93 by theobald@cs.mcgill.ca
Excerpts were taken from (Journal Style) 'esub2acm.cls'.
****** Bugs/comments/suggestions to Gerry Murray -- murray@hq.acm.org ******
\footheight=\dimen115
\@maxsep=\dimen116
\@dblmaxsep=\dimen117
\aucount=\count92
\originalaucount=\count93
\auwidth=\dimen118
\auskip=\dimen119
\auskipcount=\count94
\auskip=\dimen120
\allauboxes=\dimen121
\addauthors=\toks21
\addauflag=\count95
\subtitletext=\toks22
\savesection=\count96
\sectioncntr=\count97
\c@figure=\count98
\c@table=\count99
\titleboxnotes=\toks23
\titleboxnoteflag=\count100
Document Class: acm_proc_article-sp 2009/04/22 - V3.2SP - based on esub2acm.sty
 <23 April 96>
(/usr/share/texmf-texlive/tex/latex/base/latexsym.sty
Package: latexsym 1998/08/17 v2.2e Standard LaTeX package (lasy symbols)
\symlasy=\mathgroup6
LaTeX Font Info:    Overwriting symbol font `lasy' in version `bold'
(Font)                  U/lasy/m/n --> U/lasy/b/n on input line 47.
)
\@acmtitlebox=\box28
\titlenotecount=\count101
\tntoks=\toks24
\tntokstwo=\toks25
\tntoksthree=\toks26
\tntoksfour=\toks27
\tntoksfive=\toks28
\catcount=\count102
\copyrightnotice=\toks29
\conf=\toks30
\confinfo=\toks31
\c@part=\count103
\c@section=\count104
\c@subsection=\count105
\c@subsubsection=\count106
\c@paragraph=\count107

Using 'Abbrev' bibliography style
LaTeX Info: Redefining \cite on input line 1236.
\bibindent=\dimen122
\colcntr=\count108
\saveb@x=\box29
\copyrtyr=\toks32
\acmcopyr=\toks33
\boilerplate=\toks34
\copyrightetc=\toks35
(/usr/share/texmf-texlive/tex/latex/base/fontenc.sty
Package: fontenc 2005/09/27 v1.99g Standard LaTeX package

(/usr/share/texmf-texlive/tex/latex/base/t1enc.def
File: t1enc.def 2005/09/27 v1.99g Standard LaTeX file
LaTeX Font Info:    Redeclaring font encoding T1 on input line 43.
)
LaTeX Font Info:    Try loading font information for T1+aer on input line 100.

(/usr/share/texmf-texlive/tex/latex/ae/t1aer.fd
File: t1aer.fd 1997/11/16 Font definitions for T1/aer.
)))
(/usr/share/texmf-texlive/tex/latex/booktabs/booktabs.sty
Package: booktabs 2005/04/14 v1.61803 publication quality tables
\heavyrulewidth=\dimen123
\lightrulewidth=\dimen124
\cmidrulewidth=\dimen125
\belowrulesep=\dimen126
\belowbottomsep=\dimen127
\aboverulesep=\dimen128
\abovetopsep=\dimen129
\cmidrulesep=\dimen130
\cmidrulekern=\dimen131
\defaultaddspace=\dimen132
\@cmidla=\count109
\@cmidlb=\count110
\@aboverulesep=\dimen133
\@belowrulesep=\dimen134
\@thisruleclass=\count111
\@lastruleclass=\count112
\@thisrulewidth=\dimen135
)
(/usr/share/texmf-texlive/tex/latex/tools/multicol.sty
Package: multicol 2008/12/05 v1.6h multicolumn formatting (FMi)
\c@tracingmulticols=\count113
\mult@box=\box30
\multicol@leftmargin=\dimen136
\c@unbalance=\count114
\c@collectmore=\count115
\doublecol@number=\count116
\multicoltolerance=\count117
\multicolpretolerance=\count118
\full@width=\dimen137
\page@free=\dimen138
\premulticols=\dimen139
\postmulticols=\dimen140
\multicolsep=\skip44
\multicolbaselineskip=\skip45
\partial@page=\box31
\last@line=\box32
\mult@rightbox=\box33
\mult@grightbox=\box34
\mult@gfirstbox=\box35
\mult@firstbox=\box36
\@tempa=\box37
\@tempa=\box38
\@tempa=\box39
\@tempa=\box40
\@tempa=\box41
\@tempa=\box42
\@tempa=\box43
\@tempa=\box44
\@tempa=\box45
\@tempa=\box46
\@tempa=\box47
\@tempa=\box48
\@tempa=\box49
\@tempa=\box50
\@tempa=\box51
\@tempa=\box52
\@tempa=\box53
\c@columnbadness=\count119
\c@finalcolumnbadness=\count120
\last@try=\dimen141
\multicolovershoot=\dimen142
\multicolundershoot=\dimen143
\mult@nat@firstbox=\box54
\colbreak@box=\box55
)
(/usr/share/texmf-texlive/tex/latex/listings/listings.sty
\lst@mode=\count121
\lst@gtempboxa=\box56
\lst@token=\toks36
\lst@length=\count122
\lst@currlwidth=\dimen144
\lst@column=\count123
\lst@pos=\count124
\lst@lostspace=\dimen145
\lst@width=\dimen146
\lst@newlines=\count125
\lst@lineno=\count126
\abovecaptionskip=\skip46
\belowcaptionskip=\skip47
\lst@maxwidth=\dimen147

(/usr/share/texmf-texlive/tex/latex/listings/lstmisc.sty
File: lstmisc.sty 2007/02/22 1.4 (Carsten Heinz)
\c@lstnumber=\count127
\lst@skipnumbers=\count128
\lst@framebox=\box57
)
(/usr/share/texmf-texlive/tex/latex/listings/listings.cfg
File: listings.cfg 2007/02/22 1.4 listings configuration
))
Package: listings 2007/02/22 1.4 (Carsten Heinz)

(/usr/share/texmf-texlive/tex/latex/algorithms/algorithm.sty
Package: algorithm 2009/08/24 v0.1 Document Style `algorithm' - floating enviro
nment

(/usr/share/texmf-texlive/tex/latex/float/float.sty
Package: float 2001/11/08 v1.3d Float enhancements (AL)
\c@float@type=\count129
\float@exts=\toks37
\float@box=\box58
\@float@everytoks=\toks38
\@floatcapt=\box59
)
(/usr/share/texmf-texlive/tex/latex/base/ifthen.sty
Package: ifthen 2001/05/26 v1.1c Standard LaTeX ifthen package (DPC)
)
\@float@every@algorithm=\toks39
\c@algorithm=\count130
)
(/usr/share/texmf-texlive/tex/latex/algorithmicx/algpseudocode.sty
Package: algpseudocode 

(/usr/share/texmf-texlive/tex/latex/algorithmicx/algorithmicx.sty
Package: algorithmicx 2005/04/27 v1.2 Algorithmicx

Document Style algorithmicx 1.2 - a greatly improved `algorithmic' style
\c@ALG@line=\count131
\c@ALG@rem=\count132
\c@ALG@nested=\count133
\ALG@tlm=\skip48
\ALG@thistlm=\skip49
\c@ALG@Lnr=\count134
\c@ALG@blocknr=\count135
\c@ALG@storecount=\count136
\c@ALG@tmpcounter=\count137
\ALG@tmplength=\skip50
)
Document Style - pseudocode environments for use with the `algorithmicx' style
) (/usr/share/texmf/tex/latex/xcolor/xcolor.sty
Package: xcolor 2007/01/21 v2.11 LaTeX color extensions (UK)

(/etc/texmf/tex/latex/config/color.cfg
File: color.cfg 2007/01/18 v1.5 color configuration of teTeX/TeXLive
)
Package xcolor Info: Driver file: pdftex.def on input line 225.
Package xcolor Info: Model `cmy' substituted by `cmy0' on input line 1337.
Package xcolor Info: Model `hsb' substituted by `rgb' on input line 1341.
Package xcolor Info: Model `RGB' extended on input line 1353.
Package xcolor Info: Model `HTML' substituted by `rgb' on input line 1355.
Package xcolor Info: Model `Hsb' substituted by `hsb' on input line 1356.
Package xcolor Info: Model `tHsb' substituted by `hsb' on input line 1357.
Package xcolor Info: Model `HSB' substituted by `hsb' on input line 1358.
Package xcolor Info: Model `Gray' substituted by `gray' on input line 1359.
Package xcolor Info: Model `wave' substituted by `hsb' on input line 1360.
)
(/usr/share/texmf-texlive/tex/latex/subfigure/subfigure.sty
Package: subfigure 2002/03/15 v2.1.5 subfigure package
\subfigtopskip=\skip51
\subfigcapskip=\skip52
\subfigcaptopadj=\dimen148
\subfigbottomskip=\skip53
\subfigcapmargin=\dimen149
\subfiglabelskip=\skip54
\c@subfigure=\count138
\c@lofdepth=\count139
\c@subtable=\count140
\c@lotdepth=\count141

****************************************
* Local config file subfigure.cfg used *
****************************************
(/usr/share/texmf-texlive/tex/latex/subfigure/subfigure.cfg)
\subfig@top=\skip55
\subfig@bottom=\skip56
) (./rep.aux

LaTeX Warning: Label `MPI' multiply defined.

)
\openout1 = `rep.aux'.

LaTeX Font Info:    Checking defaults for OML/cmm/m/it on input line 11.
LaTeX Font Info:    ... okay on input line 11.
LaTeX Font Info:    Checking defaults for T1/cmr/m/n on input line 11.
LaTeX Font Info:    ... okay on input line 11.
LaTeX Font Info:    Checking defaults for OT1/cmr/m/n on input line 11.
LaTeX Font Info:    ... okay on input line 11.
LaTeX Font Info:    Checking defaults for OMS/cmsy/m/n on input line 11.
LaTeX Font Info:    ... okay on input line 11.
LaTeX Font Info:    Checking defaults for OMX/cmex/m/n on input line 11.
LaTeX Font Info:    ... okay on input line 11.
LaTeX Font Info:    Checking defaults for U/cmr/m/n on input line 11.
LaTeX Font Info:    ... okay on input line 11.
 (/usr/share/texmf-texlive/tex/context/base/supp-pdf.mkii
[Loading MPS to PDF converter (version 2006.09.02).]
\scratchcounter=\count142
\scratchdimen=\dimen150
\scratchbox=\box60
\nofMPsegments=\count143
\nofMParguments=\count144
\everyMPshowfont=\toks40
\MPscratchCnt=\count145
\MPscratchDim=\dimen151
\MPnumerator=\count146
\everyMPtoPDFconversion=\toks41
)
\c@lstlisting=\count147
LaTeX Font Info:    Try loading font information for U+msa on input line 25.
 (/usr/share/texmf-texlive/tex/latex/amsfonts/umsa.fd
File: umsa.fd 2009/06/22 v3.00 AMS symbols A
)
LaTeX Font Info:    Try loading font information for U+msb on input line 25.

(/usr/share/texmf-texlive/tex/latex/amsfonts/umsb.fd
File: umsb.fd 2009/06/22 v3.00 AMS symbols B
)
LaTeX Font Info:    Try loading font information for U+lasy on input line 25.

(/usr/share/texmf-texlive/tex/latex/base/ulasy.fd
File: ulasy.fd 1998/08/17 v2.2e LaTeX symbol font definitions
)
Overfull \hbox (4.82013pt too wide) in paragraph at lines 26--26
[]\secfnt PROBLEM DE-SCRP-TION AND SYM-BOL
 []


Overfull \hbox (9.22202pt too wide) in paragraph at lines 35--50
 [][] 
 []

<epsilon100.png, id=1, 214.66336pt x 213.94781pt>
File: epsilon100.png Graphic file (type png)
 <use epsilon100.png>
<epsilon10.png, id=2, 213.94781pt x 213.94781pt>
File: epsilon10.png Graphic file (type png)
 <use epsilon10.png>
<epsilon1.png, id=3, 214.66336pt x 214.66336pt>
File: epsilon1.png Graphic file (type png)
 <use epsilon1.png>
<epsilon0_1.png, id=4, 215.3789pt x 213.94781pt>
File: epsilon0_1.png Graphic file (type png)
 <use epsilon0_1.png>
Overfull \hbox (13.23259pt too wide) in paragraph at lines 87--88
\T1/aer/m/n/9 the tem-per-a-ture field of $\OML/cmm/m/it/9 x=INCREMENT$\T1/aer/
m/n/9 , $\OML/cmm/m/it/9 y=INCREMENT$
 []

[1{/var/lib/texmf/fonts/map/pdftex/updmap/pdftex.map}


 <./epsilon100.png (PNG copy)> <./epsilon10.png (PNG copy)> <./epsilon1.png (PN
G copy)> <./epsilon0_1.png (PNG copy)>]
Underfull \hbox (badness 10000) in paragraph at lines 99--100
[] $\OML/cmm/m/it/9 T[] \OMS/cmsy/m/n/9 ($ \T1/aer/m/n/9 HeatDistribution($\OML
/cmm/m/it/9 x=INCREMENT$\T1/aer/m/n/9 ,
 []


Underfull \hbox (badness 10000) in paragraph at lines 141--142
[] $\OML/cmm/m/it/9 T[] \OMS/cmsy/m/n/9 ($ \T1/aer/m/n/9 HeatDistribution($\OML
/cmm/m/it/9 x=INCREMENT$\T1/aer/m/n/9 ,
 []


Underfull \hbox (badness 1147) in paragraph at lines 164--165
[] $\OML/cmm/m/it/9 T[] \OMS/cmsy/m/n/9 ( \OT1/cmr/m/n/9 (\OML/cmm/m/it/9 T[] \
OT1/cmr/m/n/9 + \OML/cmm/m/it/9 T[][] \OT1/cmr/m/n/9 + \OML/cmm/m/it/9 T[][] \O
T1/cmr/m/n/9 +
 []

[2]
Underfull \hbox (badness 10000) in paragraph at lines 215--215
[]\T1/aer/m/n/9 System Con-fig-u-ra-
 []


Underfull \hbox (badness 10000) in paragraph at lines 217--217
[]\T1/aer/m/n/9 System Con-fig-u-ra-
 []


Underfull \hbox (badness 10000) in paragraph at lines 219--219
[]\T1/aer/m/n/9 Compiler
 []


Overfull \hbox (1.16626pt too wide) in paragraph at lines 219--219
\T1/aer/m/n/9 (PThread&OpenMP)| 
 []


LaTeX Warning: Reference `basetestdata' on page \thepage  undefined on input li
ne 232.

<impactscalefactor.png, id=25, 499.4501pt x 305.53752pt>
File: impactscalefactor.png Graphic file (type png)

<use impactscalefactor.png>
Overfull \hbox (2.15979pt too wide) in paragraph at lines 297--298
[]\T1/aer/m/n/9 The time con-sump-tion at dif-fer-ent scale and $\OML/cmm/m/it/
9 INCREMENT$
 []

<differentscaledifferentfactortime.png, id=26, 493.0102pt x 301.24426pt>
File: differentscaledifferentfactortime.png Graphic file (type png)

<use differentscaledifferentfactortime.png>
Underfull \hbox (badness 1946) in paragraph at lines 302--302
[]\T1/aer/bx/n/9 Figure 3: Time con-sump-tion of base-line and
 []


Underfull \hbox (badness 4805) in paragraph at lines 302--302
\T1/aer/bx/n/9 in-cre-ment al-go-rithm with dif-fer-ent scale and
 []

<scaleIncrementTimeConsumption.png, id=27, 450.07753pt x 297.66653pt>
File: scaleIncrementTimeConsumption.png Graphic file (type png)

<use scaleIncrementTimeConsumption.png>
<scaleIncrementSpeedup.png, id=28, 468.68169pt x 291.94218pt>
File: scaleIncrementSpeedup.png Graphic file (type png)

<use scaleIncrementSpeedup.png>
Overfull \hbox (12.50145pt too wide) in paragraph at lines 338--339
[]\T1/aer/m/n/9 The time con-sump-tion at dif-fer-ent $\OML/cmm/m/it/9 epsilon$
 \T1/aer/m/n/9 and $\OML/cmm/m/it/9 INCREMENT$
 []

<differentepsilondifferentfactortime.png, id=29, 447.21535pt x 301.95981pt>
File: differentepsilondifferentfactortime.png Graphic file (type png)

<use differentepsilondifferentfactortime.png>
Underfull \hbox (badness 1946) in paragraph at lines 343--343
[]\T1/aer/bx/n/9 Figure 6: Time con-sump-tion of base-line and
 []


Underfull \hbox (badness 2181) in paragraph at lines 343--343
\T1/aer/bx/n/9 in-cre-ment al-go-rithm with dif-fer-ent $\OML/cmm/m/it/9 epsilo
n$ \T1/aer/bx/n/9 and
 []

[3 <./impactscalefactor.png (PNG copy)>]
<epsilonIncrementTimeConsumption.png, id=34, 442.92207pt x 292.65773pt>
File: epsilonIncrementTimeConsumption.png Graphic file (type png)

<use epsilonIncrementTimeConsumption.png>
<epsilonIncrementSpeedup.png, id=35, 455.08633pt x 295.5199pt>
File: epsilonIncrementSpeedup.png Graphic file (type png)

<use epsilonIncrementSpeedup.png>
<parallelalgtime.png, id=36, 465.8195pt x 307.68416pt>
File: parallelalgtime.png Graphic file (type png)

<use parallelalgtime.png>
<parallelalgspeedup.png, id=37, 422.17128pt x 261.88931pt>
File: parallelalgspeedup.png Graphic file (type png)

<use parallelalgspeedup.png> [4 <./differentscaledifferentfactortime.png (PNG c
opy)> <./scaleIncrementTimeConsumption.png (PNG copy)> <./scaleIncrementSpeedup
.png (PNG copy)> <./differentepsilondifferentfactortime.png (PNG copy)> <./epsi
lonIncrementTimeConsumption.png (PNG copy)>]
Overfull \hbox (1.45195pt too wide) in paragraph at lines 406--407
[]\T1/aer/bx/n/9 PThread&OpenMP: \T1/aer/m/n/9 ./tem-per-a-ture_openxy/pthread 
$\OML/cmm/m/it/9 x$\T1/aer/m/n/9 , $\OML/cmm/m/it/9 y$\T1/aer/m/n/9 ,
 []


Overfull \hbox (10.03377pt too wide) in paragraph at lines 408--409
[]\T1/aer/bx/n/9 MPI: \T1/aer/m/n/9 mpirun -n $\OML/cmm/m/it/9 P$ \T1/aer/m/n/9
 ./tem-per-a-ture_mpi $\OML/cmm/m/it/9 x$\T1/aer/m/n/9 , $\OML/cmm/m/it/9 y$\T1
/aer/m/n/9 , $\OML/cmm/m/it/9 iter$\T1/aer/m/n/9 , $\OML/cmm/m/it/9 INC[]TIME$\
T1/aer/m/n/9 ,
 []

LaTeX Font Info:    Try loading font information for OMS+aer on input line 438.

(/usr/share/texmf-texlive/tex/latex/ae/omsaer.fd
File: omsaer.fd 1999/12/27
)
LaTeX Font Info:    Font shape `OMS/aer/m/n' in size <9> not available
(Font)              Font shape `OMS/cmsy/m/n' tried instead on input line 438.

Overfull \hbox (192.57175pt too wide) in paragraph at lines 444--445
[][][][][][][][][][][][][][][][][][][][][][][][][][][][][][][] 
 []


Overfull \hbox (81.65591pt too wide) in paragraph at lines 447--448
[][][][][][][][][][][][][][][][][][][][][][][][][][] 
 []


Overfull \hbox (31.74379pt too wide) in paragraph at lines 448--449
[][][][][][][][][][][][][][][][][][][][][][] 
 []

[5 <./epsilonIncrementSpeedup.png (PNG copy)> <./parallelalgtime.png (PNG copy)
> <./parallelalgspeedup.png (PNG copy)>]
Overfull \hbox (42.83537pt too wide) in paragraph at lines 453--454
[][][][][][][][][][][][][][][][][][][][][] 
 []


Overfull \hbox (70.56433pt too wide) in paragraph at lines 456--457
[][][][][][][][][][][][][][][][] 
 []


Overfull \hbox (70.56433pt too wide) in paragraph at lines 457--458
[][][][][][][][][][][][][][][][] 
 []


Overfull \hbox (325.67075pt too wide) in paragraph at lines 460--461
[][][][][][][][][][][][][][][][][][][][][][][][][][][][][][] 
 []


Overfull \hbox (87.2017pt too wide) in paragraph at lines 463--464
[][][][][][][][][][][][][][][][][][][][][][] 
 []


Overfull \hbox (20.6522pt too wide) in paragraph at lines 471--472
[][][][][][][][][][][][][][][][][] 
 []


Overfull \hbox (347.85391pt too wide) in paragraph at lines 474--475
[][][][][][][][][][][][][][][][][][][][][][][][][][][][][][][][][][][][][][][][
][] 
 []


Overfull \hbox (92.7475pt too wide) in paragraph at lines 478--479
[][][][][][][][][][][][][][][][][][][][][][] 
 []


Overfull \hbox (42.83537pt too wide) in paragraph at lines 479--480
[][][][][][][][][][][][][][][][][][][] 
 []


Overfull \hbox (114.93066pt too wide) in paragraph at lines 482--483
[][][][][][][][][][][][][][][][][][][][][][] 
 []


Overfull \hbox (120.47646pt too wide) in paragraph at lines 485--486
[][][][][][][][][][][][][][][][] 
 []


Overfull \hbox (92.7475pt too wide) in paragraph at lines 488--489
[][][][][][][][][][][][][][][][][][][][][][][] 
 []


Overfull \hbox (26.198pt too wide) in paragraph at lines 489--490
[][][][][][][][][][][][][][][][][][][] 
 []


Overfull \hbox (48.38116pt too wide) in paragraph at lines 491--492
[][][][][][][][][][][][][][][][][][][][][][][] 
 []


Overfull \hbox (59.47275pt too wide) in paragraph at lines 494--495
[][][][][][][][][][][][][][][][][][][][][][] 
 []


Overfull \hbox (26.198pt too wide) in paragraph at lines 523--524
[][][][][][][][][][]
 []


Overfull \hbox (26.198pt too wide) in paragraph at lines 525--526
[][][][][][][][][][][][][]
 []


Overfull \hbox (26.198pt too wide) in paragraph at lines 526--527
[][][][][][][]
 []


Overfull \hbox (87.2017pt too wide) in paragraph at lines 527--528
[][][][][][][][][][][][][][][][][][][][] 
 []


Overfull \hbox (26.198pt too wide) in paragraph at lines 528--530
[][][][][][][]
 []


Overfull \hbox (192.57175pt too wide) in paragraph at lines 530--531
[][][][][][][][][][][][][][][][][][][][][][][][] 
 []


Overfull \hbox (120.47646pt too wide) in paragraph at lines 553--554
[][][][][][][][][][][][][][][][][][][][][][][][][][][] 
 []


Overfull \hbox (148.20541pt too wide) in paragraph at lines 554--555
[][][][][][][][][][][][][][][][][][][][][][][][][][][][] 
 []


Overfull \hbox (103.83908pt too wide) in paragraph at lines 555--556
[][][][][][][][][][] 
 []


Overfull \hbox (26.198pt too wide) in paragraph at lines 563--565
[][][][][][][][][][][][][][][][][] 
 []


Overfull \hbox (164.84279pt too wide) in paragraph at lines 571--572
[][][][][][][][][][][][][][][][][][][][][] 
 []


Overfull \hbox (175.93437pt too wide) in paragraph at lines 572--573
[][][][][][][][][][][][][][][][][] 
 []


Overfull \hbox (270.21283pt too wide) in paragraph at lines 573--575
[][][][][][][][][][][][][][][][][][][][] 
 []


Overfull \hbox (9.56062pt too wide) in paragraph at lines 575--576
[][][][][][][][][][][][][] 
 []


Underfull \vbox (badness 10000) has occurred while \output is active []

 [6]
Overfull \hbox (48.38116pt too wide) in paragraph at lines 583--584
[][][][][][][][][][][][][][][] 
 []


Overfull \hbox (15.10641pt too wide) in paragraph at lines 584--586
[][][][][][][][][][][][][] 
 []


Overfull \hbox (81.65591pt too wide) in paragraph at lines 588--590
[][][][][][][][][][][][][][][][][][][][][][] 
 []


Overfull \hbox (70.56433pt too wide) in paragraph at lines 590--591
[][][][][][][][][][][][][][] 
 []


Overfull \hbox (131.56804pt too wide) in paragraph at lines 591--592
[][][][][][][][][][][][][][][][][][][][] 
 []


Overfull \hbox (131.56804pt too wide) in paragraph at lines 592--593
[][][][][][][][][][][][][][][][][][][][] 
 []


Overfull \hbox (181.48016pt too wide) in paragraph at lines 593--595
[][][][][][][][][][][][][][][][][][][][][][] 
 []


Overfull \hbox (92.7475pt too wide) in paragraph at lines 597--599
[][][][][][][][][][][][][][][][] 
 []


Overfull \hbox (331.21654pt too wide) in paragraph at lines 599--601
[][][][][][][][][][][][][][][][][][][][][][][][] 
 []


Overfull \hbox (59.47275pt too wide) in paragraph at lines 611--612
[][][][][][][][][][][][][][][][][][][][][] 
 []


Overfull \hbox (81.65591pt too wide) in paragraph at lines 612--613
[][][][][][][][][][][][][][][][] 
 []


Overfull \hbox (48.38116pt too wide) in paragraph at lines 618--619
[][][][][][][][][][][][][][][][][][][][] 
 []


Overfull \hbox (242.48387pt too wide) in paragraph at lines 627--628
[][][][][][][][][][][][][][][][][][][][][] 
 []


Overfull \hbox (48.38116pt too wide) in paragraph at lines 628--629
[][][][][][][][][][][][][][][][][][][][] 
 []


Overfull \hbox (81.65591pt too wide) in paragraph at lines 643--644
[][][][][][][][][][][][][][][] 
 []


Overfull \hbox (76.11012pt too wide) in paragraph at lines 644--645
[][][][][][][][][][][][][][][] 
 []


Overfull \hbox (353.3997pt too wide) in paragraph at lines 645--646
[][][][][][][][][][][][][][][][][][][][][][][][][][][][][][][][] 
 []


Overfull \hbox (386.67445pt too wide) in paragraph at lines 646--647
[][][][][][][][][][][][][][][][][][][][][][][][][][][][][][][][][][] 
 []


Overfull \hbox (42.83537pt too wide) in paragraph at lines 661--662
[][][][][][][][][][][] 
 []


Overfull \hbox (170.38858pt too wide) in paragraph at lines 664--665
[][][][][][][][][][][][][][][][][][][][][][][][][][][][][][][] 
 []


Overfull \hbox (203.66333pt too wide) in paragraph at lines 667--668
[][][][][][][][][][][][][][][][][][][][][][][][][][][][][][] 
 []


Overfull \hbox (20.6522pt too wide) in paragraph at lines 671--672
[][][][][][][][][][][][][][][] 
 []


Overfull \hbox (264.66704pt too wide) in paragraph at lines 673--674
[][][][][][][][][][][][][][][][][][][][][][][][][][][][][][][][][][][][][][] 
 []


Overfull \hbox (253.57545pt too wide) in paragraph at lines 674--675
[][][][][][][][][][][][][][][][][][][][][][][][][][][][][][] 
 []


Overfull \hbox (159.297pt too wide) in paragraph at lines 676--677
[][][][][][][][][][][][][][][][] 
 []


Overfull \hbox (26.198pt too wide) in paragraph at lines 677--678
[][][][][][][][][][][][][][][] 
 []


Overfull \hbox (209.20912pt too wide) in paragraph at lines 679--680
[][][][][][][][][][][][][][][][][][][][][][][][][][][][] 
 []


Overfull \hbox (309.03337pt too wide) in paragraph at lines 691--692
[][][][][][][][][][][][][][][][][][][][][][][][][][][][][][][] 
 []


Overfull \hbox (9.56062pt too wide) in paragraph at lines 702--703
[][][][][][][][][][][][][] 
 []


Overfull \hbox (31.74379pt too wide) in paragraph at lines 703--704
[][][][][][][][][][][][][] 
 []


Underfull \vbox (badness 10000) has occurred while \output is active []

 [7]
Overfull \hbox (53.92696pt too wide) in paragraph at lines 711--712
[][][][][][][][][][][][][][][][][][] 
 []


Overfull \hbox (53.92696pt too wide) in paragraph at lines 712--713
[][][][][][][][][][][][][][][][][][] 
 []


Overfull \hbox (9.56062pt too wide) in paragraph at lines 715--716
[][][][][][][][][][][][][][][][][] 
 []


Overfull \hbox (26.198pt too wide) in paragraph at lines 717--718
[][][][][][][][][][][][][][][][][][][] 
 []


Overfull \hbox (26.198pt too wide) in paragraph at lines 718--719
[][][][][][][][][][][][][][][][][][][] 
 []


Overfull \hbox (92.7475pt too wide) in paragraph at lines 725--726
[][][][][][][][][][][][][][][][][][][][][] 
 []


Overfull \hbox (114.93066pt too wide) in paragraph at lines 726--727
[][][][][][][][][][][][][][][][][][][][][] 
 []


Overfull \hbox (225.8465pt too wide) in paragraph at lines 731--732
[][][][][][][][][][][][][][][][][][][][][][][][][][][] 
 []


Overfull \hbox (248.02966pt too wide) in paragraph at lines 732--733
[][][][][][][][][][][][][][][][][][][][][][][][][][][] 
 []


Overfull \hbox (4.01483pt too wide) in paragraph at lines 737--738
[][][][][][][][][][][][][][][][] 
 []


Overfull \hbox (53.92696pt too wide) in paragraph at lines 739--740
[][][][][][][][][][][][][] 
 []


Overfull \hbox (192.57175pt too wide) in paragraph at lines 742--744
[][][][][][][][][][][][][][][][][][][][][][][][][] 
 []


Overfull \hbox (70.56433pt too wide) in paragraph at lines 751--752
[][][][][][][][][][][][] 
 []


Overfull \hbox (15.10641pt too wide) in paragraph at lines 758--759
[][][][][][][][][][][][][][][][][][][][][][][] 
 []


Overfull \hbox (59.47273pt too wide) in paragraph at lines 760--761
[][][][][][][][][][][][][][][][][][][][][][][][] 
 []


Overfull \hbox (109.38484pt too wide) in paragraph at lines 761--762
[][][][][][][][][][][][][][][][][][][][][][] 
 []


Underfull \vbox (badness 10000) has occurred while \output is active []


Overfull \hbox (53.92696pt too wide) in paragraph at lines 771--772
[][][][][][][][][][][][][][][][][][][] 
 []


Overfull \hbox (81.65591pt too wide) in paragraph at lines 787--788
[][][][][][][][][][][][][][][] 
 []


Overfull \hbox (76.11012pt too wide) in paragraph at lines 788--789
[][][][][][][][][][][][][][][] 
 []


Overfull \hbox (353.3997pt too wide) in paragraph at lines 789--790
[][][][][][][][][][][][][][][][][][][][][][][][][][][][][][][][] 
 []


Overfull \hbox (386.67445pt too wide) in paragraph at lines 790--791
[][][][][][][][][][][][][][][][][][][][][][][][][][][][][][][][][][] 
 []


Overfull \hbox (636.23508pt too wide) in paragraph at lines 793--795
[][][][][][][][][][][][][][][][][][][][][][][][][][][][][][][][][][][][][][][][
][][][][][][][][][][][][][][][][][][][][][][][][][][][][][][][][][][][][][][][]
[][][][][] 
 []


Overfull \hbox (53.92696pt too wide) in paragraph at lines 799--800
[][][][][][][][][][][] 
 []


Overfull \hbox (53.92696pt too wide) in paragraph at lines 810--812
[][][][][][][][][][][][][][][][][][][][][][][][][][][][][][][][][][][] 
 []


Overfull \hbox (87.2017pt too wide) in paragraph at lines 817--818
[][][][][][][][][] 
 []


Overfull \hbox (137.11383pt too wide) in paragraph at lines 819--820
[][][][][][][][][][][][][][][][][][][][][][][][] 
 []


Overfull \hbox (20.6522pt too wide) in paragraph at lines 820--821
[][][][][][][][][][][][][] 
 []


Overfull \hbox (114.93066pt too wide) in paragraph at lines 821--822
[][][][][][][][][][][][][][][][][][][][] 
 []


Overfull \hbox (9.56062pt too wide) in paragraph at lines 825--826
[][][][][][][][][][][][][][][][][][][] 
 []


Overfull \hbox (20.6522pt too wide) in paragraph at lines 828--829
[][][][][][][][][][][][][][][] 
 []


Overfull \hbox (264.66704pt too wide) in paragraph at lines 830--831
[][][][][][][][][][][][][][][][][][][][][][][][][][][][][][][][][][][][][][] 
 []

[8]
Overfull \hbox (253.57545pt too wide) in paragraph at lines 831--832
[][][][][][][][][][][][][][][][][][][][][][][][][][][][][][] 
 []


Overfull \hbox (159.297pt too wide) in paragraph at lines 833--834
[][][][][][][][][][][][][][][][] 
 []


Overfull \hbox (26.198pt too wide) in paragraph at lines 834--835
[][][][][][][][][][][][][][][] 
 []


Overfull \hbox (275.75862pt too wide) in paragraph at lines 836--837
[][][][][][][][][][][][][][][][][][][][][][][][][][][][][][][] 
 []


Overfull \hbox (109.38487pt too wide) in paragraph at lines 838--839
[][][][][][][][][] 
 []


Overfull \hbox (170.38858pt too wide) in paragraph at lines 846--847
[][][][][][][][][][][][][][][][][][][][][][][][][][][][][][][] 
 []


Overfull \hbox (81.65591pt too wide) in paragraph at lines 850--851
[][][][][][][][][] 
 []


Overfull \hbox (81.65591pt too wide) in paragraph at lines 852--853
[][][][][][][][][] 
 []


Overfull \hbox (309.03337pt too wide) in paragraph at lines 866--867
[][][][][][][][][][][][][][][][][][][][][][][][][][][][][][][] 
 []


Overfull \hbox (9.56062pt too wide) in paragraph at lines 876--877
[][][][][][][][][][][][][] 
 []


Overfull \hbox (31.74379pt too wide) in paragraph at lines 877--878
[][][][][][][][][][][][][] 
 []


Overfull \hbox (42.83537pt too wide) in paragraph at lines 878--879
[][][][][][][][][][][][][][][] 
 []


Overfull \hbox (103.83908pt too wide) in paragraph at lines 879--880
[][][][][][][][][][][][][][][] 
 []


Overfull \hbox (114.93066pt too wide) in paragraph at lines 880--881
[][][][][][][][][][][][][][][] 
 []


Overfull \hbox (59.47275pt too wide) in paragraph at lines 893--894
[][][][][][][][][][][][] 
 []


Underfull \vbox (badness 10000) has occurred while \output is active []


Overfull \hbox (70.56433pt too wide) in paragraph at lines 894--895
[][][][][][][][][][][][] 
 []


Overfull \hbox (26.198pt too wide) in paragraph at lines 895--896
[][][][][][][][][] 
 []


Overfull \hbox (37.28958pt too wide) in paragraph at lines 896--897
[][][][][][][][][] 
 []


Overfull \hbox (159.297pt too wide) in paragraph at lines 898--899
[][][][][][][][][][][][][][][][][][][][][] 
 []


Overfull \hbox (53.92696pt too wide) in paragraph at lines 902--903
[][][][][][][][][][][][][][][][][][] 
 []


Overfull \hbox (53.92696pt too wide) in paragraph at lines 903--904
[][][][][][][][][][][][][][][][][][] 
 []


Overfull \hbox (9.56062pt too wide) in paragraph at lines 906--907
[][][][][][][][][][][][][][][][][] 
 []


Overfull \hbox (26.198pt too wide) in paragraph at lines 908--909
[][][][][][][][][][][][][][][][][][][] 
 []


Overfull \hbox (26.198pt too wide) in paragraph at lines 909--910
[][][][][][][][][][][][][][][][][][][] 
 []


Overfull \hbox (92.7475pt too wide) in paragraph at lines 916--917
[][][][][][][][][][][][][][][][][][][][][] 
 []


Overfull \hbox (114.93066pt too wide) in paragraph at lines 917--918
[][][][][][][][][][][][][][][][][][][][][] 
 []


Overfull \hbox (225.8465pt too wide) in paragraph at lines 922--923
[][][][][][][][][][][][][][][][][][][][][][][][][][][] 
 []


Overfull \hbox (248.02966pt too wide) in paragraph at lines 923--924
[][][][][][][][][][][][][][][][][][][][][][][][][][][] 
 []


Overfull \hbox (4.01483pt too wide) in paragraph at lines 928--929
[][][][][][][][][][][][][][][][] 
 []


Overfull \hbox (26.198pt too wide) in paragraph at lines 930--931
[][][][][][][][][][][] 
 []


Overfull \hbox (192.57175pt too wide) in paragraph at lines 932--933
[][][][][][][][][][][][][][][][][][][][][][][][][] 
 []


Overfull \hbox (70.56433pt too wide) in paragraph at lines 940--941
[][][][][][][][][][][][] 
 []


Underfull \vbox (badness 10000) has occurred while \output is active []

 [9]
Overfull \hbox (59.47275pt too wide) in paragraph at lines 960--961
[][][][][][][][][] 
 []


Overfull \hbox (53.92696pt too wide) in paragraph at lines 962--963
[][][][][][][][][][][][][][][][][][][] 
 []


Overfull \hbox (81.65591pt too wide) in paragraph at lines 979--980
[][][][][][][][][][][][][][][] 
 []


Overfull \hbox (76.11012pt too wide) in paragraph at lines 980--981
[][][][][][][][][][][][][][][] 
 []


Overfull \hbox (353.3997pt too wide) in paragraph at lines 981--982
[][][][][][][][][][][][][][][][][][][][][][][][][][][][][][][][] 
 []


Overfull \hbox (386.67445pt too wide) in paragraph at lines 982--983
[][][][][][][][][][][][][][][][][][][][][][][][][][][][][][][][][][] 
 []


Overfull \hbox (264.66704pt too wide) in paragraph at lines 983--985
[][][][][][][][][][][][][][][][][][][][][][][][][][][][] 
 []


Overfull \hbox (15.10641pt too wide) in paragraph at lines 998--999
[][][][][][][][][][][] 
 []


Overfull \hbox (164.84279pt too wide) in paragraph at lines 1013--1014
[][][][][][][][][][][][][][][][][][][][][] 
 []


Overfull \hbox (292.396pt too wide) in paragraph at lines 1017--1018
[][][][][][][][][][][][][][][][][][][][][][][][][][][][][] 
 []


Overfull \hbox (4.01483pt too wide) in paragraph at lines 1019--1020
[][][][][][][][][][][][][][][][][] 
 []


Overfull \hbox (114.93066pt too wide) in paragraph at lines 1020--1022
[][][][][][][][][][][][][][][][][][][][][][] 
 []


Overfull \hbox (358.9455pt too wide) in paragraph at lines 1024--1025
[][][][][][][][][][][][][][][][][][][][][][][][][][][][][][][] 
 []


Overfull \hbox (425.495pt too wide) in paragraph at lines 1026--1027
[][][][][][][][][][][][][][][][][][][][][][][][][][][][][][][][][][][] 
 []


Overfull \hbox (4.01483pt too wide) in paragraph at lines 1029--1030
[][][][][][][][][][][][][][][][][] 
 []


Overfull \hbox (137.11383pt too wide) in paragraph at lines 1030--1031
[][][][][][][][][][][][][][][][] 
 []


Overfull \hbox (320.12495pt too wide) in paragraph at lines 1031--1032
[][][][][][][][][][][][][][][][][][][][][] 
 []


Overfull \hbox (4.01483pt too wide) in paragraph at lines 1035--1036
[][][][][][][][][][][][][][][][][] 
 []


Overfull \hbox (187.02596pt too wide) in paragraph at lines 1036--1037
[][][][][][][][][][][][][][][][][][] 
 []


Overfull \hbox (320.12495pt too wide) in paragraph at lines 1037--1038
[][][][][][][][][][][][][][][][][][][][][] 
 []


Overfull \hbox (475.40712pt too wide) in paragraph at lines 1041--1042
[][][][][][][][][][][][][][][][][][][][][][][][][][][][][][][][][][] 
 []


Overfull \hbox (264.66704pt too wide) in paragraph at lines 1043--1044
[][][][][][][][][][][][][][][][][][][][][][][][][][][][][][][][][] 
 []


Overfull \hbox (458.76974pt too wide) in paragraph at lines 1045--1046
[][][][][][][][][][][][][][][][][][][][][][][][][][][][][][][][] 
 []


Overfull \hbox (203.66333pt too wide) in paragraph at lines 1047--1048
[][][][][][][][][][][][][][][][][][][][][][][][][][][][][][][] 
 []


Overfull \hbox (469.86133pt too wide) in paragraph at lines 1049--1050
[][][][][][][][][][][][][][][][][][][][][][][][][][][][][][][][] 
 []


Overfull \hbox (264.66704pt too wide) in paragraph at lines 1051--1052
[][][][][][][][][][][][][][][][][][][][][][][][][][][][][][][][][] 
 []


Overfull \hbox (453.22395pt too wide) in paragraph at lines 1053--1054
[][][][][][][][][][][][][][][][][][][][][][][][][][][][][][] 
 []


Overfull \hbox (203.66333pt too wide) in paragraph at lines 1055--1057
[][][][][][][][][][][][][][][][][][][][][][][][][][][][][][][] 
 []


Overfull \hbox (4.01483pt too wide) in paragraph at lines 1060--1061
[][][][][][][][][][][][][][][][][] 
 []


Overfull \hbox (209.20912pt too wide) in paragraph at lines 1064--1065
[][][][][][][][][][][][][][][][][][][][][][][][][][][][][][] 
 []


Overfull \hbox (4.01483pt too wide) in paragraph at lines 1065--1066
[][][][][][][][][][][][][][][] 
 []


Overfull \hbox (220.3007pt too wide) in paragraph at lines 1067--1068
[][][][][][][][][][][][][][][][][][][][][][][][][] 
 []


Overfull \hbox (181.48016pt too wide) in paragraph at lines 1074--1075
[][][][][][][][][][][][][][][][][][][][][][][][][][][] 
 []


Overfull \hbox (103.83908pt too wide) in paragraph at lines 1080--1081
[][][][][][][][][][][][][][][][][][][] 
 []


Underfull \vbox (badness 10000) has occurred while \output is active []

 [10]
Overfull \hbox (264.66704pt too wide) in paragraph at lines 1084--1085
[][][][][][][][][][][][][][][][][][][][][][][][][][][][][][] 
 []


Overfull \hbox (286.8502pt too wide) in paragraph at lines 1086--1087
[][][][][][][][][][][][][][][][][][][][][][][][][][][][][][][][][] 
 []


Overfull \hbox (175.93437pt too wide) in paragraph at lines 1091--1092
[][][][][][][][][][][][][][][][][][][][][][][][][][][] 
 []


Overfull \hbox (103.83908pt too wide) in paragraph at lines 1097--1098
[][][][][][][][][][][][][][][][][][][] 
 []


Overfull \hbox (292.396pt too wide) in paragraph at lines 1098--1099
[][][][][][][][][][][][][][][][][][][][][][][][][][][][][][][][][] 
 []


Overfull \hbox (270.21283pt too wide) in paragraph at lines 1104--1105
[][][][][][][][][][][][][][][][][][][][][][][][][][][][][][] 
 []


Overfull \hbox (264.66704pt too wide) in paragraph at lines 1115--1116
[][][][][][][][][][][][][][][][][][][][][][][][][][][][][] 
 []


Overfull \hbox (20.6522pt too wide) in paragraph at lines 1125--1126
[][][][][][][][][][][] 
 []


Overfull \hbox (20.6522pt too wide) in paragraph at lines 1126--1127
[][][][][][][][][][][] 
 []


Overfull \hbox (9.56062pt too wide) in paragraph at lines 1133--1134
[][][][][][][][][][][][][] 
 []


Overfull \hbox (31.74379pt too wide) in paragraph at lines 1134--1135
[][][][][][][][][][][][][] 
 []


Overfull \hbox (53.92696pt too wide) in paragraph at lines 1142--1143
[][][][][][][][][][][][][][][][][][] 
 []


Overfull \hbox (53.92696pt too wide) in paragraph at lines 1143--1144
[][][][][][][][][][][][][][][][][][] 
 []


Underfull \vbox (badness 10000) has occurred while \output is active []


Overfull \hbox (9.56062pt too wide) in paragraph at lines 1147--1148
[][][][][][][][][][][][][][][][][] 
 []


Overfull \hbox (26.198pt too wide) in paragraph at lines 1149--1150
[][][][][][][][][][][][][][][][][][][] 
 []


Overfull \hbox (26.198pt too wide) in paragraph at lines 1150--1151
[][][][][][][][][][][][][][][][][][][] 
 []


Overfull \hbox (120.47646pt too wide) in paragraph at lines 1151--1152
[][][][][][][][][][][][][][][][][][][][][][][][][][][][][] 
 []


Overfull \hbox (120.47646pt too wide) in paragraph at lines 1152--1153
[][][][][][][][][][][][][][][][][][][][][][][][][][][][][] 
 []


Overfull \hbox (70.56433pt too wide) in paragraph at lines 1155--1157
[][][][][][][][][][][][][] 
 []


Overfull \hbox (236.93808pt too wide) in paragraph at lines 1163--1164
[][][][][][][][][][][][][][][][][][][][][][][][][][][][][][][][][][] 
 []


Overfull \hbox (76.11012pt too wide) in paragraph at lines 1164--1165
[][][][][][][][][][][][][][] 
 []


Overfull \hbox (131.56804pt too wide) in paragraph at lines 1165--1166
[][][][][][][][][][][][][][][] 
 []


Overfull \hbox (137.11383pt too wide) in paragraph at lines 1166--1167
[][][][][][][][][][][][][][][] 
 []


Overfull \hbox (137.11383pt too wide) in paragraph at lines 1167--1169
[][][][][][][][][][][][][][][] 
 []


Overfull \hbox (59.47275pt too wide) in paragraph at lines 1169--1170
[][][][][][][][][][][][][][][][][] 
 []


Overfull \hbox (103.83908pt too wide) in paragraph at lines 1170--1171
[][][][][][][][][][][][][][][][][] 
 []


Overfull \hbox (153.7512pt too wide) in paragraph at lines 1173--1174
[][][][][][][][][][][][][][][][][][][][][][][] 
 []


Overfull \hbox (76.11012pt too wide) in paragraph at lines 1176--1178
[][][][][][][][][][][][][][][][] 
 []


Overfull \hbox (4.01483pt too wide) in paragraph at lines 1178--1179
[][][][][][][][][][][][][][][][] 
 []


Overfull \hbox (325.67075pt too wide) in paragraph at lines 1180--1181
[][][][][][][][][][][][][][][][][][][][][][][][][][] 
 []


Overfull \hbox (220.3007pt too wide) in paragraph at lines 1182--1183
[][][][][][][][][][][][][][][][][][][][][][] 
 []


Overfull \hbox (314.57916pt too wide) in paragraph at lines 1185--1186
[][][][][][][][][][][][][][][][][][][][][][][][][][][][][][] 
 []


Overfull \hbox (114.93066pt too wide) in paragraph at lines 1192--1193
[][][][][][][][][][][][][][][][] 
 []


Overfull \hbox (65.01854pt too wide) in paragraph at lines 1195--1196
[][][][][][][][][][][][][][][][][][] 
 []


Overfull \hbox (31.74379pt too wide) in paragraph at lines 1196--1197
[][][][][][][][][][][][][][][][][][][][][][][] 
 []


Overfull \hbox (76.1101pt too wide) in paragraph at lines 1198--1199
[][][][][][][][][][][][][][][][][][][][][][][][] 
 []


Overfull \hbox (126.02222pt too wide) in paragraph at lines 1199--1200
[][][][][][][][][][][][][][][][][][][][][][] 
 []


Overfull \hbox (70.56433pt too wide) in paragraph at lines 1209--1210
[][][][][][][][][][][][][][][][] 
 []


Underfull \vbox (badness 10000) has occurred while \output is active []

 [11]
Overfull \hbox (20.65219pt too wide) in paragraph at lines 1214--1215
[][][][][][][][][][][][][][][][][] 
 []


Overfull \hbox (31.74376pt too wide) in paragraph at lines 1217--1218
[][][][][][][][][][][][][][][][][][][][][][][] 
 []


Overfull \hbox (81.65587pt too wide) in paragraph at lines 1218--1219
[][][][][][][][][][][][][][][][][][][][][] 
 []


Overfull \hbox (9.56062pt too wide) in paragraph at lines 1224--1225
[][][][][][][][][][][][][] 
 []


Overfull \hbox (98.29329pt too wide) in paragraph at lines 1233--1234
[][][][][][][][][][][][][][][][][][][] 
 []


Overfull \hbox (4.01483pt too wide) in paragraph at lines 1235--1236
[][][][][][][][][][][][] 
 []


Overfull \hbox (9.56062pt too wide) in paragraph at lines 1239--1240
[][][][][][][][][][][] 
 []

[12

] (./rep.aux)

LaTeX Warning: There were undefined references.


LaTeX Warning: There were multiply-defined labels.

 ) 
Here is how much of TeX's memory you used:
 4888 strings out of 493848
 63137 string characters out of 1152824
 205774 words of memory out of 3000000
 8068 multiletter control sequences out of 15000+50000
 51898 words of font info for 69 fonts, out of 3000000 for 9000
 714 hyphenation exceptions out of 8191
 39i,14n,35p,703b,1435s stack positions out of 5000i,500n,10000p,200000b,50000s
{/usr/share/texmf-texlive/fonts/enc/dvips/base/8r.enc}</usr/share/texmf-texli
ve/fonts/type1/public/amsfonts/cm/cmbx9.pfb></usr/share/texmf-texlive/fonts/typ
e1/public/amsfonts/cm/cmcsc10.pfb></usr/share/texmf-texlive/fonts/type1/public/
amsfonts/cmextra/cmex9.pfb></usr/share/texmf-texlive/fonts/type1/public/amsfont
s/cm/cmmi6.pfb></usr/share/texmf-texlive/fonts/type1/public/amsfonts/cm/cmmi9.p
fb></usr/share/texmf-texlive/fonts/type1/public/amsfonts/cm/cmr5.pfb></usr/shar
e/texmf-texlive/fonts/type1/public/amsfonts/cm/cmr6.pfb></usr/share/texmf-texli
ve/fonts/type1/public/amsfonts/cm/cmr9.pfb></usr/share/texmf-texlive/fonts/type
1/public/amsfonts/cm/cmsy6.pfb></usr/share/texmf-texlive/fonts/type1/public/ams
fonts/cm/cmsy9.pfb></usr/share/texmf-texlive/fonts/type1/urw/helvetic/uhvb8a.pf
b></usr/share/texmf-texlive/fonts/type1/urw/helvetic/uhvr8a.pfb></usr/share/tex
mf-texlive/fonts/type1/urw/times/utmb8a.pfb></usr/share/texmf-texlive/fonts/typ
e1/urw/times/utmri8a.pfb>
Output written on rep.pdf (12 pages, 493267 bytes).
PDF statistics:
 111 PDF objects out of 1000 (max. 8388607)
 0 named destinations out of 1000 (max. 500000)
 66 words of extra memory for PDF output out of 10000 (max. 10000000)

